<?xml version="1.0" encoding="UTF-8"?>
<testng-results ignored="0" total="1" passed="1" failed="0" skipped="0">
  <reporter-output>
  </reporter-output>
  <suite started-at="2025-06-12T12:39:02 BST" name="Default suite" finished-at="2025-06-12T12:40:30 BST" duration-ms="88454">
    <groups>
    </groups>
    <test started-at="2025-06-12T12:39:02 BST" name="Default test" finished-at="2025-06-12T12:40:30 BST" duration-ms="88454">
      <class name="com.ui.test.TestRunner">
        <test-method is-config="true" signature="setup()[pri:0, instance:com.ui.test.TestRunner@36fc695d]" started-at="2025-06-12T12:39:02 BST" name="setup" finished-at="2025-06-12T12:39:03 BST" duration-ms="1438" status="PASS">
          <reporter-output>
          </reporter-output>
        </test-method> <!-- setup -->
        <test-method signature="TicketSearchTest()[pri:0, instance:com.ui.test.TestRunner@36fc695d]" started-at="2025-06-12T12:39:03 BST" name="TicketSearchTest" description="Validates ticket search fields" finished-at="2025-06-12T12:40:30 BST" duration-ms="86726" status="PASS">
          <reporter-output>
          </reporter-output>
        </test-method> <!-- TicketSearchTest -->
        <test-method is-config="true" signature="tearDown()[pri:0, instance:com.ui.test.TestRunner@36fc695d]" started-at="2025-06-12T12:40:30 BST" name="tearDown" finished-at="2025-06-12T12:40:30 BST" duration-ms="253" status="PASS">
          <reporter-output>
          </reporter-output>
        </test-method> <!-- tearDown -->
      </class> <!-- com.ui.test.TestRunner -->
    </test> <!-- Default test -->
  </suite> <!-- Default suite -->
</testng-results>
